<?xml version="1.0" encoding="UTF-8"?>
<testng-results skipped="0" failed="0" total="1" passed="1">
  <reporter-output>
  </reporter-output>
  <suite name="test.com.NewEmptyTestNGTest" duration-ms="15" started-at="2019-02-19T04:48:05Z" finished-at="2019-02-19T04:48:05Z">
    <groups>
    </groups>
    <test name="Command line test" duration-ms="15" started-at="2019-02-19T04:48:05Z" finished-at="2019-02-19T04:48:05Z">
      <class name="test.com.NewEmptyTestNGTest">
        <test-method status="PASS" signature="setUpClass()[pri:0, instance:test.com.NewEmptyTestNGTest@649d209a]" name="setUpClass" is-config="true" duration-ms="15" started-at="2019-02-18T22:48:05Z" finished-at="2019-02-18T22:48:05Z">
          <reporter-output>
          </reporter-output>
        </test-method> <!-- setUpClass -->
        <test-method status="PASS" signature="hello()[pri:0, instance:test.com.NewEmptyTestNGTest@649d209a]" name="hello" duration-ms="0" started-at="2019-02-18T22:48:05Z" finished-at="2019-02-18T22:48:05Z">
          <reporter-output>
          </reporter-output>
        </test-method> <!-- hello -->
        <test-method status="PASS" signature="setUpMethod()[pri:0, instance:test.com.NewEmptyTestNGTest@649d209a]" name="setUpMethod" is-config="true" duration-ms="0" started-at="2019-02-18T22:48:05Z" finished-at="2019-02-18T22:48:05Z">
          <reporter-output>
          </reporter-output>
        </test-method> <!-- setUpMethod -->
        <test-method status="PASS" signature="tearDownClass()[pri:0, instance:test.com.NewEmptyTestNGTest@649d209a]" name="tearDownClass" is-config="true" duration-ms="0" started-at="2019-02-18T22:48:05Z" finished-at="2019-02-18T22:48:05Z">
          <reporter-output>
          </reporter-output>
        </test-method> <!-- tearDownClass -->
        <test-method status="PASS" signature="tearDownMethod()[pri:0, instance:test.com.NewEmptyTestNGTest@649d209a]" name="tearDownMethod" is-config="true" duration-ms="0" started-at="2019-02-18T22:48:05Z" finished-at="2019-02-18T22:48:05Z">
          <reporter-output>
          </reporter-output>
        </test-method> <!-- tearDownMethod -->
      </class> <!-- test.com.NewEmptyTestNGTest -->
    </test> <!-- Command line test -->
  </suite> <!-- test.com.NewEmptyTestNGTest -->
</testng-results>
